[ 2016-12-07T16:13:22+08:00 ] 192.168.1.119 /index.php/Public/login.html
INFO: [ app_begin ] --START--
INFO: Run Behavior\ReadHtmlCacheBehavior [ RunTime:0.000834s ]
INFO: [ app_begin ] --END-- [ RunTime:0.001193s ]

[ 2016-12-07T16:13:27+08:00 ] 192.168.1.119 /index.php/Public/login.html
INFO: [ app_begin ] --START--
INFO: Run Behavior\ReadHtmlCacheBehavior [ RunTime:0.000237s ]
INFO: [ app_begin ] --END-- [ RunTime:0.000583s ]
SQL: SHOW COLUMNS FROM `pad_admin_info` [ RunTime:0.0032s ]
SQL: SELECT * FROM `pad_admin_info` WHERE `admin_account` = 'admin' LIMIT 1   [ RunTime:0.0011s ]
SQL: SHOW COLUMNS FROM `pad_admin_logs` [ RunTime:0.0015s ]
NOTIC: [8] Undefined index: admin_id /usr/local/www/l_hotel/Application/Admin/Logic/CommonLogic.class.php 第 321 行.
NOTIC: [8] Undefined index: log_type /usr/local/www/l_hotel/Application/Admin/Logic/CommonLogic.class.php 第 325 行.
SQL: INSERT INTO `pad_admin_logs` (`admin_id`,`control_name`,`action_name`,`ip_address`,`log_type`,`log_msg`,`create_time`) VALUES ('1','Public','login','192.168.1.119','1','admin登陆后台,时间：2016-12-07 16:13:26','1481098407') [ RunTime:0.0426s ]

[ 2016-12-07T17:06:08+08:00 ] 192.168.1.119 /index.php/Index/index.html
ERR: XML标签语法错误 : condition='isset($big_item['url'])'

[ 2016-12-07T17:06:08+08:00 ] 192.168.1.119 /index.php/Index/index.html
ERR: XML标签语法错误 : condition='isset($big_item['url'])'

[ 2016-12-07T17:06:08+08:00 ] 192.168.1.119 /index.php/Index/index.html
ERR: XML标签语法错误 : condition='isset($big_item['url'])'

[ 2016-12-07T17:06:09+08:00 ] 192.168.1.119 /index.php/Index/index.html
ERR: XML标签语法错误 : condition='isset($big_item['url'])'

[ 2016-12-07T17:06:09+08:00 ] 192.168.1.119 /index.php/Index/index.html
ERR: XML标签语法错误 : condition='isset($big_item['url'])'

[ 2016-12-07T17:06:09+08:00 ] 192.168.1.119 /index.php/Index/index.html
ERR: XML标签语法错误 : condition='isset($big_item['url'])'

[ 2016-12-07T17:16:38+08:00 ] 192.168.1.119 /index.php/Node/nodeInfo.html?id=32
INFO: [ app_begin ] --START--
INFO: Run Behavior\ReadHtmlCacheBehavior [ RunTime:0.000250s ]
INFO: [ app_begin ] --END-- [ RunTime:0.000397s ]
NOTIC: [2048] Declaration of Admin\Controller\CommonController::display() should be compatible with Think\Controller::display($templateFile = '', $charset = '', $contentType = '', $content = '', $prefix = '') /usr/local/www/l_hotel/Application/Admin/Controller/CommonController.class.php 第 270 行.
SQL: SHOW COLUMNS FROM `pad_auth_rule` [ RunTime:0.0015s ]
SQL: SELECT * FROM `pad_auth_rule` WHERE `name` = 'Admin/Node/nodeInfo' LIMIT 1   [ RunTime:0.0013s ]
SQL: SELECT * FROM `pad_auth_rule` WHERE `id` = 2 LIMIT 1   [ RunTime:0.0014s ]
SQL: SELECT * FROM `pad_auth_rule` WHERE `id` = 1 LIMIT 1   [ RunTime:0.0013s ]
SQL: SELECT * FROM `pad_auth_rule` WHERE `id` = 32 LIMIT 1   [ RunTime:0.0010s ]

[ 2016-12-07T17:16:46+08:00 ] 192.168.1.119 /index.php/Node/addEditNode.html
INFO: [ app_begin ] --START--
INFO: Run Behavior\ReadHtmlCacheBehavior [ RunTime:0.000699s ]
INFO: [ app_begin ] --END-- [ RunTime:0.001364s ]
NOTIC: [2048] Declaration of Admin\Controller\CommonController::display() should be compatible with Think\Controller::display($templateFile = '', $charset = '', $contentType = '', $content = '', $prefix = '') /usr/local/www/l_hotel/Application/Admin/Controller/CommonController.class.php 第 270 行.
SQL: SHOW COLUMNS FROM `pad_auth_rule` [ RunTime:0.0021s ]
SQL: SELECT * FROM `pad_auth_rule` WHERE `name` = 'Admin/Node/addEditNode' LIMIT 1   [ RunTime:0.0014s ]
SQL: SELECT * FROM `pad_auth_rule` WHERE `id` = 2 LIMIT 1   [ RunTime:0.0013s ]
SQL: SELECT * FROM `pad_auth_rule` WHERE `id` = 1 LIMIT 1   [ RunTime:0.0014s ]
NOTIC: [8] Undefined index: validate /usr/local/www/l_hotel/Core/Library/Think/Model.class.php 第 1185 行.
NOTIC: [8] Undefined index: auto /usr/local/www/l_hotel/Core/Library/Think/Model.class.php 第 1128 行.
SQL: SELECT `id` FROM `pad_auth_rule` WHERE `name` = 'Admin/Order/orderList' AND `id` <> '32' LIMIT 1   [ RunTime:0.0012s ]
SQL: UPDATE `pad_auth_rule` SET `id`='32',`pid`='156',`title`='订单查询',`name`='Admin/Order/orderList',`type`='3',`icon_name`='icon-search',`sort`='3',`is_show`='1',`condition`='' WHERE `id` = 32 [ RunTime:0.0187s ]
SQL: SHOW COLUMNS FROM `pad_admin_logs` [ RunTime:0.0015s ]
NOTIC: [8] Undefined index: admin_id /usr/local/www/l_hotel/Application/Admin/Logic/CommonLogic.class.php 第 321 行.
NOTIC: [8] Undefined index: log_type /usr/local/www/l_hotel/Application/Admin/Logic/CommonLogic.class.php 第 325 行.
SQL: INSERT INTO `pad_admin_logs` (`admin_id`,`control_name`,`action_name`,`ip_address`,`log_type`,`log_msg`,`create_time`) VALUES ('1','Node','addEditNode','192.168.1.119','1','admin 编辑 权限节点；节点名称：订单查询','1481102206') [ RunTime:0.0174s ]

[ 2016-12-07T17:24:16+08:00 ] 192.168.1.119 /index.php/Node/nodeInfo.html?id=32
INFO: [ app_begin ] --START--
INFO: Run Behavior\ReadHtmlCacheBehavior [ RunTime:0.000257s ]
INFO: [ app_begin ] --END-- [ RunTime:0.000408s ]
NOTIC: [2048] Declaration of Admin\Controller\CommonController::display() should be compatible with Think\Controller::display($templateFile = '', $charset = '', $contentType = '', $content = '', $prefix = '') /usr/local/www/l_hotel/Application/Admin/Controller/CommonController.class.php 第 284 行.
SQL: SHOW COLUMNS FROM `pad_auth_rule` [ RunTime:0.0015s ]
SQL: SELECT * FROM `pad_auth_rule` WHERE `name` = 'Admin/Node/nodeInfo' LIMIT 1   [ RunTime:0.0012s ]
SQL: SELECT * FROM `pad_auth_rule` WHERE `id` = 2 LIMIT 1   [ RunTime:0.0015s ]
SQL: SELECT * FROM `pad_auth_rule` WHERE `id` = 1 LIMIT 1   [ RunTime:0.0012s ]
SQL: SELECT * FROM `pad_auth_rule` WHERE `id` = 32 LIMIT 1   [ RunTime:0.0011s ]

[ 2016-12-07T17:24:17+08:00 ] 192.168.1.119 /index.php/Node/addEditNode.html
INFO: [ app_begin ] --START--
INFO: Run Behavior\ReadHtmlCacheBehavior [ RunTime:0.000216s ]
INFO: [ app_begin ] --END-- [ RunTime:0.000422s ]
NOTIC: [2048] Declaration of Admin\Controller\CommonController::display() should be compatible with Think\Controller::display($templateFile = '', $charset = '', $contentType = '', $content = '', $prefix = '') /usr/local/www/l_hotel/Application/Admin/Controller/CommonController.class.php 第 284 行.
SQL: SHOW COLUMNS FROM `pad_auth_rule` [ RunTime:0.0015s ]
SQL: SELECT * FROM `pad_auth_rule` WHERE `name` = 'Admin/Node/addEditNode' LIMIT 1   [ RunTime:0.0013s ]
SQL: SELECT * FROM `pad_auth_rule` WHERE `id` = 2 LIMIT 1   [ RunTime:0.0023s ]
SQL: SELECT * FROM `pad_auth_rule` WHERE `id` = 1 LIMIT 1   [ RunTime:0.0013s ]
NOTIC: [8] Undefined index: validate /usr/local/www/l_hotel/Core/Library/Think/Model.class.php 第 1185 行.
NOTIC: [8] Undefined index: auto /usr/local/www/l_hotel/Core/Library/Think/Model.class.php 第 1128 行.
SQL: SELECT `id` FROM `pad_auth_rule` WHERE `name` = 'Admin/Order/orderList' AND `id` <> '32' LIMIT 1   [ RunTime:0.0012s ]
SQL: UPDATE `pad_auth_rule` SET `id`='32',`pid`='156',`title`='订单查询',`name`='Admin/Order/orderList',`type`='3',`icon_name`='icon-search',`sort`='3',`is_show`='1',`condition`='' WHERE `id` = 32 [ RunTime:0.0112s ]
SQL: SHOW COLUMNS FROM `pad_admin_logs` [ RunTime:0.0021s ]
NOTIC: [8] Undefined index: admin_id /usr/local/www/l_hotel/Application/Admin/Logic/CommonLogic.class.php 第 321 行.
NOTIC: [8] Undefined index: log_type /usr/local/www/l_hotel/Application/Admin/Logic/CommonLogic.class.php 第 325 行.
SQL: INSERT INTO `pad_admin_logs` (`admin_id`,`control_name`,`action_name`,`ip_address`,`log_type`,`log_msg`,`create_time`) VALUES ('1','Node','addEditNode','192.168.1.119','1','admin 编辑 权限节点；节点名称：订单查询','1481102657') [ RunTime:0.0123s ]
SQL: SELECT `id`,`pid`,`name`,`icon_name`,`title` FROM `pad_auth_rule` WHERE `pid` = 0 AND `status` = 1 AND `is_show` = 1 ORDER BY `sort` asc  [ RunTime:0.0030s ]
NOTIC: [8] Undefined offset: 2 /usr/local/www/l_hotel/Application/Admin/Controller/CommonController.class.php 第 174 行.
NOTIC: [8] Undefined offset: 1 /usr/local/www/l_hotel/Application/Admin/Controller/CommonController.class.php 第 174 行.
SQL: SELECT `id`,`pid`,`name`,`icon_name`,`title` FROM `pad_auth_rule` WHERE `pid` = 8 AND `status` = 1 AND `is_show` = 1 ORDER BY `sort` asc  [ RunTime:0.0012s ]
NOTIC: [8] Undefined offset: 2 /usr/local/www/l_hotel/Application/Admin/Controller/CommonController.class.php 第 186 行.
SQL: SELECT `id`,`pid`,`name`,`icon_name`,`title` FROM `pad_auth_rule` WHERE `pid` = 9 AND `status` = 1 AND `is_show` = 1 ORDER BY `sort` asc  [ RunTime:0.0013s ]
NOTIC: [8] Undefined offset: 2 /usr/local/www/l_hotel/Application/Admin/Controller/CommonController.class.php 第 186 行.
SQL: SELECT `id`,`pid`,`name`,`icon_name`,`title` FROM `pad_auth_rule` WHERE `pid` = 13 AND `status` = 1 AND `is_show` = 1 ORDER BY `sort` asc  [ RunTime:0.0012s ]
NOTIC: [8] Undefined offset: 2 /usr/local/www/l_hotel/Application/Admin/Controller/CommonController.class.php 第 174 行.
SQL: SELECT `id`,`pid`,`name`,`icon_name`,`title` FROM `pad_auth_rule` WHERE `pid` = 18 AND `status` = 1 AND `is_show` = 1 ORDER BY `sort` asc  [ RunTime:0.0013s ]
SQL: SELECT `id`,`pid`,`name`,`icon_name`,`title` FROM `pad_auth_rule` WHERE `pid` = 19 AND `status` = 1 AND `is_show` = 1 ORDER BY `sort` asc  [ RunTime:0.0014s ]
SQL: SELECT `id`,`pid`,`name`,`icon_name`,`title` FROM `pad_auth_rule` WHERE `pid` = 20 AND `status` = 1 AND `is_show` = 1 ORDER BY `sort` asc  [ RunTime:0.0014s ]
SQL: SELECT `id`,`pid`,`name`,`icon_name`,`title` FROM `pad_auth_rule` WHERE `pid` = 45 AND `status` = 1 AND `is_show` = 1 ORDER BY `sort` asc  [ RunTime:0.0014s ]
NOTIC: [8] Undefined offset: 2 /usr/local/www/l_hotel/Application/Admin/Controller/CommonController.class.php 第 174 行.
SQL: SELECT `id`,`pid`,`name`,`icon_name`,`title` FROM `pad_auth_rule` WHERE `pid` = 21 AND `status` = 1 AND `is_show` = 1 ORDER BY `sort` asc  [ RunTime:0.0014s ]
SQL: SELECT `id`,`pid`,`name`,`icon_name`,`title` FROM `pad_auth_rule` WHERE `pid` = 23 AND `status` = 1 AND `is_show` = 1 ORDER BY `sort` asc  [ RunTime:0.0018s ]
NOTIC: [8] Undefined offset: 2 /usr/local/www/l_hotel/Application/Admin/Controller/CommonController.class.php 第 174 行.
NOTIC: [8] Undefined offset: 1 /usr/local/www/l_hotel/Application/Admin/Controller/CommonController.class.php 第 174 行.
SQL: SELECT `id`,`pid`,`name`,`icon_name`,`title` FROM `pad_auth_rule` WHERE `pid` = 24 AND `status` = 1 AND `is_show` = 1 ORDER BY `sort` asc  [ RunTime:0.0010s ]
NOTIC: [8] Undefined offset: 2 /usr/local/www/l_hotel/Application/Admin/Controller/CommonController.class.php 第 186 行.
SQL: SELECT `id`,`pid`,`name`,`icon_name`,`title` FROM `pad_auth_rule` WHERE `pid` = 25 AND `status` = 1 AND `is_show` = 1 ORDER BY `sort` asc  [ RunTime:0.0013s ]
NOTIC: [8] Undefined offset: 2 /usr/local/www/l_hotel/Application/Admin/Controller/CommonController.class.php 第 186 行.
SQL: SELECT `id`,`pid`,`name`,`icon_name`,`title` FROM `pad_auth_rule` WHERE `pid` = 156 AND `status` = 1 AND `is_show` = 1 ORDER BY `sort` asc  [ RunTime:0.0012s ]
NOTIC: [8] Undefined offset: 2 /usr/local/www/l_hotel/Application/Admin/Controller/CommonController.class.php 第 174 行.
NOTIC: [8] Undefined offset: 1 /usr/local/www/l_hotel/Application/Admin/Controller/CommonController.class.php 第 174 行.
SQL: SELECT `id`,`pid`,`name`,`icon_name`,`title` FROM `pad_auth_rule` WHERE `pid` = 33 AND `status` = 1 AND `is_show` = 1 ORDER BY `sort` asc  [ RunTime:0.0014s ]
SQL: SELECT `id`,`pid`,`name`,`icon_name`,`title` FROM `pad_auth_rule` WHERE `pid` = 34 AND `status` = 1 AND `is_show` = 1 ORDER BY `sort` asc  [ RunTime:0.0014s ]
SQL: SELECT `id`,`pid`,`name`,`icon_name`,`title` FROM `pad_auth_rule` WHERE `pid` = 35 AND `status` = 1 AND `is_show` = 1 ORDER BY `sort` asc  [ RunTime:0.0017s ]
SQL: SELECT `id`,`pid`,`name`,`icon_name`,`title` FROM `pad_auth_rule` WHERE `pid` = 36 AND `status` = 1 AND `is_show` = 1 ORDER BY `sort` asc  [ RunTime:0.0015s ]
NOTIC: [8] Undefined offset: 2 /usr/local/www/l_hotel/Application/Admin/Controller/CommonController.class.php 第 174 行.
NOTIC: [8] Undefined offset: 1 /usr/local/www/l_hotel/Application/Admin/Controller/CommonController.class.php 第 174 行.
SQL: SELECT `id`,`pid`,`name`,`icon_name`,`title` FROM `pad_auth_rule` WHERE `pid` = 1 AND `status` = 1 AND `is_show` = 1 ORDER BY `sort` asc  [ RunTime:0.0016s ]
NOTIC: [8] Undefined offset: 2 /usr/local/www/l_hotel/Application/Admin/Controller/CommonController.class.php 第 186 行.
SQL: SELECT `id`,`pid`,`name`,`icon_name`,`title` FROM `pad_auth_rule` WHERE `pid` = 2 AND `status` = 1 AND `is_show` = 1 ORDER BY `sort` asc  [ RunTime:0.0016s ]
NOTIC: [8] Undefined offset: 2 /usr/local/www/l_hotel/Application/Admin/Controller/CommonController.class.php 第 186 行.
SQL: SELECT `id`,`pid`,`name`,`icon_name`,`title` FROM `pad_auth_rule` WHERE `pid` = 37 AND `status` = 1 AND `is_show` = 1 ORDER BY `sort` asc  [ RunTime:0.0017s ]

[ 2016-12-07T17:24:35+08:00 ] 192.168.1.119 /index.php/Node/nodeInfo.html?id=156
INFO: [ app_begin ] --START--
INFO: Run Behavior\ReadHtmlCacheBehavior [ RunTime:0.000621s ]
INFO: [ app_begin ] --END-- [ RunTime:0.000859s ]
NOTIC: [2048] Declaration of Admin\Controller\CommonController::display() should be compatible with Think\Controller::display($templateFile = '', $charset = '', $contentType = '', $content = '', $prefix = '') /usr/local/www/l_hotel/Application/Admin/Controller/CommonController.class.php 第 284 行.
SQL: SHOW COLUMNS FROM `pad_auth_rule` [ RunTime:0.0015s ]
SQL: SELECT * FROM `pad_auth_rule` WHERE `name` = 'Admin/Node/nodeInfo' LIMIT 1   [ RunTime:0.0013s ]
SQL: SELECT * FROM `pad_auth_rule` WHERE `id` = 2 LIMIT 1   [ RunTime:0.0014s ]
SQL: SELECT * FROM `pad_auth_rule` WHERE `id` = 1 LIMIT 1   [ RunTime:0.0014s ]
SQL: SELECT * FROM `pad_auth_rule` WHERE `id` = 156 LIMIT 1   [ RunTime:0.0009s ]

[ 2016-12-07T17:24:39+08:00 ] 192.168.1.119 /index.php/Node/addEditNode.html
INFO: [ app_begin ] --START--
INFO: Run Behavior\ReadHtmlCacheBehavior [ RunTime:0.001068s ]
INFO: [ app_begin ] --END-- [ RunTime:0.001766s ]
NOTIC: [2048] Declaration of Admin\Controller\CommonController::display() should be compatible with Think\Controller::display($templateFile = '', $charset = '', $contentType = '', $content = '', $prefix = '') /usr/local/www/l_hotel/Application/Admin/Controller/CommonController.class.php 第 284 行.
SQL: SHOW COLUMNS FROM `pad_auth_rule` [ RunTime:0.0015s ]
SQL: SELECT * FROM `pad_auth_rule` WHERE `name` = 'Admin/Node/addEditNode' LIMIT 1   [ RunTime:0.0013s ]
SQL: SELECT * FROM `pad_auth_rule` WHERE `id` = 2 LIMIT 1   [ RunTime:0.0015s ]
SQL: SELECT * FROM `pad_auth_rule` WHERE `id` = 1 LIMIT 1   [ RunTime:0.0012s ]
NOTIC: [8] Undefined index: validate /usr/local/www/l_hotel/Core/Library/Think/Model.class.php 第 1185 行.
NOTIC: [8] Undefined index: auto /usr/local/www/l_hotel/Core/Library/Think/Model.class.php 第 1128 行.
SQL: SELECT `id` FROM `pad_auth_rule` WHERE `name` = 'Admin/Order' AND `id` <> '156' LIMIT 1   [ RunTime:0.0011s ]
SQL: UPDATE `pad_auth_rule` SET `id`='156',`pid`='24',`title`='订单管理',`name`='Admin/Order',`type`='2',`icon_name`='icon-search',`sort`='3',`is_show`='0',`condition`='' WHERE `id` = 156 [ RunTime:0.0032s ]
SQL: SHOW COLUMNS FROM `pad_admin_logs` [ RunTime:0.0013s ]
NOTIC: [8] Undefined index: admin_id /usr/local/www/l_hotel/Application/Admin/Logic/CommonLogic.class.php 第 321 行.
NOTIC: [8] Undefined index: log_type /usr/local/www/l_hotel/Application/Admin/Logic/CommonLogic.class.php 第 325 行.
SQL: INSERT INTO `pad_admin_logs` (`admin_id`,`control_name`,`action_name`,`ip_address`,`log_type`,`log_msg`,`create_time`) VALUES ('1','Node','addEditNode','192.168.1.119','1','admin 编辑 权限节点；节点名称：订单管理','1481102679') [ RunTime:0.0043s ]
SQL: SELECT `id`,`pid`,`name`,`icon_name`,`title` FROM `pad_auth_rule` WHERE `pid` = 0 AND `status` = 1 AND `is_show` = 1 ORDER BY `sort` asc  [ RunTime:0.0016s ]
NOTIC: [8] Undefined offset: 2 /usr/local/www/l_hotel/Application/Admin/Controller/CommonController.class.php 第 174 行.
NOTIC: [8] Undefined offset: 1 /usr/local/www/l_hotel/Application/Admin/Controller/CommonController.class.php 第 174 行.
SQL: SELECT `id`,`pid`,`name`,`icon_name`,`title` FROM `pad_auth_rule` WHERE `pid` = 8 AND `status` = 1 AND `is_show` = 1 ORDER BY `sort` asc  [ RunTime:0.0017s ]
NOTIC: [8] Undefined offset: 2 /usr/local/www/l_hotel/Application/Admin/Controller/CommonController.class.php 第 186 行.
SQL: SELECT `id`,`pid`,`name`,`icon_name`,`title` FROM `pad_auth_rule` WHERE `pid` = 9 AND `status` = 1 AND `is_show` = 1 ORDER BY `sort` asc  [ RunTime:0.0012s ]
NOTIC: [8] Undefined offset: 2 /usr/local/www/l_hotel/Application/Admin/Controller/CommonController.class.php 第 186 行.
SQL: SELECT `id`,`pid`,`name`,`icon_name`,`title` FROM `pad_auth_rule` WHERE `pid` = 13 AND `status` = 1 AND `is_show` = 1 ORDER BY `sort` asc  [ RunTime:0.0016s ]
NOTIC: [8] Undefined offset: 2 /usr/local/www/l_hotel/Application/Admin/Controller/CommonController.class.php 第 174 行.
SQL: SELECT `id`,`pid`,`name`,`icon_name`,`title` FROM `pad_auth_rule` WHERE `pid` = 18 AND `status` = 1 AND `is_show` = 1 ORDER BY `sort` asc  [ RunTime:0.0009s ]
SQL: SELECT `id`,`pid`,`name`,`icon_name`,`title` FROM `pad_auth_rule` WHERE `pid` = 19 AND `status` = 1 AND `is_show` = 1 ORDER BY `sort` asc  [ RunTime:0.0013s ]
SQL: SELECT `id`,`pid`,`name`,`icon_name`,`title` FROM `pad_auth_rule` WHERE `pid` = 20 AND `status` = 1 AND `is_show` = 1 ORDER BY `sort` asc  [ RunTime:0.0013s ]
SQL: SELECT `id`,`pid`,`name`,`icon_name`,`title` FROM `pad_auth_rule` WHERE `pid` = 45 AND `status` = 1 AND `is_show` = 1 ORDER BY `sort` asc  [ RunTime:0.0014s ]
NOTIC: [8] Undefined offset: 2 /usr/local/www/l_hotel/Application/Admin/Controller/CommonController.class.php 第 174 行.
SQL: SELECT `id`,`pid`,`name`,`icon_name`,`title` FROM `pad_auth_rule` WHERE `pid` = 21 AND `status` = 1 AND `is_show` = 1 ORDER BY `sort` asc  [ RunTime:0.0014s ]
SQL: SELECT `id`,`pid`,`name`,`icon_name`,`title` FROM `pad_auth_rule` WHERE `pid` = 23 AND `status` = 1 AND `is_show` = 1 ORDER BY `sort` asc  [ RunTime:0.0015s ]
NOTIC: [8] Undefined offset: 2 /usr/local/www/l_hotel/Application/Admin/Controller/CommonController.class.php 第 174 行.
NOTIC: [8] Undefined offset: 1 /usr/local/www/l_hotel/Application/Admin/Controller/CommonController.class.php 第 174 行.
SQL: SELECT `id`,`pid`,`name`,`icon_name`,`title` FROM `pad_auth_rule` WHERE `pid` = 24 AND `status` = 1 AND `is_show` = 1 ORDER BY `sort` asc  [ RunTime:0.0013s ]
NOTIC: [8] Undefined offset: 2 /usr/local/www/l_hotel/Application/Admin/Controller/CommonController.class.php 第 186 行.
SQL: SELECT `id`,`pid`,`name`,`icon_name`,`title` FROM `pad_auth_rule` WHERE `pid` = 25 AND `status` = 1 AND `is_show` = 1 ORDER BY `sort` asc  [ RunTime:0.0011s ]
NOTIC: [8] Undefined offset: 2 /usr/local/www/l_hotel/Application/Admin/Controller/CommonController.class.php 第 174 行.
NOTIC: [8] Undefined offset: 1 /usr/local/www/l_hotel/Application/Admin/Controller/CommonController.class.php 第 174 行.
SQL: SELECT `id`,`pid`,`name`,`icon_name`,`title` FROM `pad_auth_rule` WHERE `pid` = 33 AND `status` = 1 AND `is_show` = 1 ORDER BY `sort` asc  [ RunTime:0.0012s ]
SQL: SELECT `id`,`pid`,`name`,`icon_name`,`title` FROM `pad_auth_rule` WHERE `pid` = 34 AND `status` = 1 AND `is_show` = 1 ORDER BY `sort` asc  [ RunTime:0.0012s ]
SQL: SELECT `id`,`pid`,`name`,`icon_name`,`title` FROM `pad_auth_rule` WHERE `pid` = 35 AND `status` = 1 AND `is_show` = 1 ORDER BY `sort` asc  [ RunTime:0.0014s ]
SQL: SELECT `id`,`pid`,`name`,`icon_name`,`title` FROM `pad_auth_rule` WHERE `pid` = 36 AND `status` = 1 AND `is_show` = 1 ORDER BY `sort` asc  [ RunTime:0.0014s ]
NOTIC: [8] Undefined offset: 2 /usr/local/www/l_hotel/Application/Admin/Controller/CommonController.class.php 第 174 行.
NOTIC: [8] Undefined offset: 1 /usr/local/www/l_hotel/Application/Admin/Controller/CommonController.class.php 第 174 行.
SQL: SELECT `id`,`pid`,`name`,`icon_name`,`title` FROM `pad_auth_rule` WHERE `pid` = 1 AND `status` = 1 AND `is_show` = 1 ORDER BY `sort` asc  [ RunTime:0.0015s ]
NOTIC: [8] Undefined offset: 2 /usr/local/www/l_hotel/Application/Admin/Controller/CommonController.class.php 第 186 行.
SQL: SELECT `id`,`pid`,`name`,`icon_name`,`title` FROM `pad_auth_rule` WHERE `pid` = 2 AND `status` = 1 AND `is_show` = 1 ORDER BY `sort` asc  [ RunTime:0.0014s ]
NOTIC: [8] Undefined offset: 2 /usr/local/www/l_hotel/Application/Admin/Controller/CommonController.class.php 第 186 行.
SQL: SELECT `id`,`pid`,`name`,`icon_name`,`title` FROM `pad_auth_rule` WHERE `pid` = 37 AND `status` = 1 AND `is_show` = 1 ORDER BY `sort` asc  [ RunTime:0.0014s ]

[ 2016-12-07T17:28:34+08:00 ] 192.168.1.119 /index.php/Node/nodeInfo.html?id=156
INFO: [ app_begin ] --START--
INFO: Run Behavior\ReadHtmlCacheBehavior [ RunTime:0.000269s ]
INFO: [ app_begin ] --END-- [ RunTime:0.000436s ]
NOTIC: [2048] Declaration of Admin\Controller\CommonController::display() should be compatible with Think\Controller::display($templateFile = '', $charset = '', $contentType = '', $content = '', $prefix = '') /usr/local/www/l_hotel/Application/Admin/Controller/CommonController.class.php 第 284 行.
SQL: SHOW COLUMNS FROM `pad_auth_rule` [ RunTime:0.0011s ]
SQL: SELECT * FROM `pad_auth_rule` WHERE `name` = 'Admin/Node/nodeInfo' LIMIT 1   [ RunTime:0.0011s ]
SQL: SELECT * FROM `pad_auth_rule` WHERE `id` = 2 LIMIT 1   [ RunTime:0.0012s ]
SQL: SELECT * FROM `pad_auth_rule` WHERE `id` = 1 LIMIT 1   [ RunTime:0.0014s ]
SQL: SELECT * FROM `pad_auth_rule` WHERE `id` = 156 LIMIT 1   [ RunTime:0.0010s ]

[ 2016-12-07T17:28:37+08:00 ] 192.168.1.119 /index.php/Node/addEditNode.html
INFO: [ app_begin ] --START--
INFO: Run Behavior\ReadHtmlCacheBehavior [ RunTime:0.000442s ]
INFO: [ app_begin ] --END-- [ RunTime:0.000816s ]
NOTIC: [2048] Declaration of Admin\Controller\CommonController::display() should be compatible with Think\Controller::display($templateFile = '', $charset = '', $contentType = '', $content = '', $prefix = '') /usr/local/www/l_hotel/Application/Admin/Controller/CommonController.class.php 第 284 行.
SQL: SHOW COLUMNS FROM `pad_auth_rule` [ RunTime:0.0015s ]
SQL: SELECT * FROM `pad_auth_rule` WHERE `name` = 'Admin/Node/addEditNode' LIMIT 1   [ RunTime:0.0014s ]
SQL: SELECT * FROM `pad_auth_rule` WHERE `id` = 2 LIMIT 1   [ RunTime:0.0011s ]
SQL: SELECT * FROM `pad_auth_rule` WHERE `id` = 1 LIMIT 1   [ RunTime:0.0013s ]
NOTIC: [8] Undefined index: validate /usr/local/www/l_hotel/Core/Library/Think/Model.class.php 第 1185 行.
NOTIC: [8] Undefined index: auto /usr/local/www/l_hotel/Core/Library/Think/Model.class.php 第 1128 行.
SQL: SELECT `id` FROM `pad_auth_rule` WHERE `name` = 'Admin/Order' AND `id` <> '156' LIMIT 1   [ RunTime:0.0010s ]
SQL: UPDATE `pad_auth_rule` SET `id`='156',`pid`='24',`title`='订单管理',`name`='Admin/Order',`type`='2',`icon_name`='icon-search',`sort`='3',`is_show`='1',`condition`='' WHERE `id` = 156 [ RunTime:0.0027s ]
SQL: SHOW COLUMNS FROM `pad_admin_logs` [ RunTime:0.0013s ]
NOTIC: [8] Undefined index: admin_id /usr/local/www/l_hotel/Application/Admin/Logic/CommonLogic.class.php 第 321 行.
NOTIC: [8] Undefined index: log_type /usr/local/www/l_hotel/Application/Admin/Logic/CommonLogic.class.php 第 325 行.
SQL: INSERT INTO `pad_admin_logs` (`admin_id`,`control_name`,`action_name`,`ip_address`,`log_type`,`log_msg`,`create_time`) VALUES ('1','Node','addEditNode','192.168.1.119','1','admin 编辑 权限节点；节点名称：订单管理','1481102917') [ RunTime:0.0200s ]
SQL: SELECT `id`,`pid`,`name`,`icon_name`,`title` FROM `pad_auth_rule` WHERE `pid` = 0 AND `status` = 1 AND `is_show` = 1 ORDER BY `sort` asc  [ RunTime:0.0012s ]
NOTIC: [8] Undefined offset: 2 /usr/local/www/l_hotel/Application/Admin/Controller/CommonController.class.php 第 174 行.
NOTIC: [8] Undefined offset: 1 /usr/local/www/l_hotel/Application/Admin/Controller/CommonController.class.php 第 174 行.
SQL: SELECT `id`,`pid`,`name`,`icon_name`,`title` FROM `pad_auth_rule` WHERE `pid` = 8 AND `status` = 1 AND `is_show` = 1 ORDER BY `sort` asc  [ RunTime:0.0023s ]
NOTIC: [8] Undefined offset: 2 /usr/local/www/l_hotel/Application/Admin/Controller/CommonController.class.php 第 186 行.
SQL: SELECT `id`,`pid`,`name`,`icon_name`,`title` FROM `pad_auth_rule` WHERE `pid` = 9 AND `status` = 1 AND `is_show` = 1 ORDER BY `sort` asc  [ RunTime:0.0011s ]
NOTIC: [8] Undefined offset: 2 /usr/local/www/l_hotel/Application/Admin/Controller/CommonController.class.php 第 186 行.
SQL: SELECT `id`,`pid`,`name`,`icon_name`,`title` FROM `pad_auth_rule` WHERE `pid` = 13 AND `status` = 1 AND `is_show` = 1 ORDER BY `sort` asc  [ RunTime:0.0012s ]
NOTIC: [8] Undefined offset: 2 /usr/local/www/l_hotel/Application/Admin/Controller/CommonController.class.php 第 174 行.
SQL: SELECT `id`,`pid`,`name`,`icon_name`,`title` FROM `pad_auth_rule` WHERE `pid` = 18 AND `status` = 1 AND `is_show` = 1 ORDER BY `sort` asc  [ RunTime:0.0013s ]
SQL: SELECT `id`,`pid`,`name`,`icon_name`,`title` FROM `pad_auth_rule` WHERE `pid` = 19 AND `status` = 1 AND `is_show` = 1 ORDER BY `sort` asc  [ RunTime:0.0014s ]
SQL: SELECT `id`,`pid`,`name`,`icon_name`,`title` FROM `pad_auth_rule` WHERE `pid` = 20 AND `status` = 1 AND `is_show` = 1 ORDER BY `sort` asc  [ RunTime:0.0013s ]
SQL: SELECT `id`,`pid`,`name`,`icon_name`,`title` FROM `pad_auth_rule` WHERE `pid` = 45 AND `status` = 1 AND `is_show` = 1 ORDER BY `sort` asc  [ RunTime:0.0014s ]
NOTIC: [8] Undefined offset: 2 /usr/local/www/l_hotel/Application/Admin/Controller/CommonController.class.php 第 174 行.
SQL: SELECT `id`,`pid`,`name`,`icon_name`,`title` FROM `pad_auth_rule` WHERE `pid` = 21 AND `status` = 1 AND `is_show` = 1 ORDER BY `sort` asc  [ RunTime:0.0014s ]
SQL: SELECT `id`,`pid`,`name`,`icon_name`,`title` FROM `pad_auth_rule` WHERE `pid` = 23 AND `status` = 1 AND `is_show` = 1 ORDER BY `sort` asc  [ RunTime:0.0020s ]
NOTIC: [8] Undefined offset: 2 /usr/local/www/l_hotel/Application/Admin/Controller/CommonController.class.php 第 174 行.
NOTIC: [8] Undefined offset: 1 /usr/local/www/l_hotel/Application/Admin/Controller/CommonController.class.php 第 174 行.
SQL: SELECT `id`,`pid`,`name`,`icon_name`,`title` FROM `pad_auth_rule` WHERE `pid` = 24 AND `status` = 1 AND `is_show` = 1 ORDER BY `sort` asc  [ RunTime:0.0016s ]
NOTIC: [8] Undefined offset: 2 /usr/local/www/l_hotel/Application/Admin/Controller/CommonController.class.php 第 186 行.
SQL: SELECT `id`,`pid`,`name`,`icon_name`,`title` FROM `pad_auth_rule` WHERE `pid` = 25 AND `status` = 1 AND `is_show` = 1 ORDER BY `sort` asc  [ RunTime:0.0013s ]
NOTIC: [8] Undefined offset: 2 /usr/local/www/l_hotel/Application/Admin/Controller/CommonController.class.php 第 186 行.
SQL: SELECT `id`,`pid`,`name`,`icon_name`,`title` FROM `pad_auth_rule` WHERE `pid` = 156 AND `status` = 1 AND `is_show` = 1 ORDER BY `sort` asc  [ RunTime:0.0011s ]
NOTIC: [8] Undefined offset: 2 /usr/local/www/l_hotel/Application/Admin/Controller/CommonController.class.php 第 174 行.
NOTIC: [8] Undefined offset: 1 /usr/local/www/l_hotel/Application/Admin/Controller/CommonController.class.php 第 174 行.
SQL: SELECT `id`,`pid`,`name`,`icon_name`,`title` FROM `pad_auth_rule` WHERE `pid` = 33 AND `status` = 1 AND `is_show` = 1 ORDER BY `sort` asc  [ RunTime:0.0012s ]
SQL: SELECT `id`,`pid`,`name`,`icon_name`,`title` FROM `pad_auth_rule` WHERE `pid` = 34 AND `status` = 1 AND `is_show` = 1 ORDER BY `sort` asc  [ RunTime:0.0013s ]
SQL: SELECT `id`,`pid`,`name`,`icon_name`,`title` FROM `pad_auth_rule` WHERE `pid` = 35 AND `status` = 1 AND `is_show` = 1 ORDER BY `sort` asc  [ RunTime:0.0013s ]
SQL: SELECT `id`,`pid`,`name`,`icon_name`,`title` FROM `pad_auth_rule` WHERE `pid` = 36 AND `status` = 1 AND `is_show` = 1 ORDER BY `sort` asc  [ RunTime:0.0014s ]
NOTIC: [8] Undefined offset: 2 /usr/local/www/l_hotel/Application/Admin/Controller/CommonController.class.php 第 174 行.
NOTIC: [8] Undefined offset: 1 /usr/local/www/l_hotel/Application/Admin/Controller/CommonController.class.php 第 174 行.
SQL: SELECT `id`,`pid`,`name`,`icon_name`,`title` FROM `pad_auth_rule` WHERE `pid` = 1 AND `status` = 1 AND `is_show` = 1 ORDER BY `sort` asc  [ RunTime:0.0021s ]
NOTIC: [8] Undefined offset: 2 /usr/local/www/l_hotel/Application/Admin/Controller/CommonController.class.php 第 186 行.
SQL: SELECT `id`,`pid`,`name`,`icon_name`,`title` FROM `pad_auth_rule` WHERE `pid` = 2 AND `status` = 1 AND `is_show` = 1 ORDER BY `sort` asc  [ RunTime:0.0010s ]
NOTIC: [8] Undefined offset: 2 /usr/local/www/l_hotel/Application/Admin/Controller/CommonController.class.php 第 186 行.
SQL: SELECT `id`,`pid`,`name`,`icon_name`,`title` FROM `pad_auth_rule` WHERE `pid` = 37 AND `status` = 1 AND `is_show` = 1 ORDER BY `sort` asc  [ RunTime:0.0012s ]

[ 2016-12-07T17:39:01+08:00 ] 192.168.1.119 /index.php/Node/nodeInfo.html?id=156
INFO: [ app_begin ] --START--
INFO: Run Behavior\ReadHtmlCacheBehavior [ RunTime:0.000204s ]
INFO: [ app_begin ] --END-- [ RunTime:0.000355s ]
NOTIC: [2048] Declaration of Admin\Controller\CommonController::display() should be compatible with Think\Controller::display($templateFile = '', $charset = '', $contentType = '', $content = '', $prefix = '') /usr/local/www/l_hotel/Application/Admin/Controller/CommonController.class.php 第 284 行.
SQL: SHOW COLUMNS FROM `pad_auth_rule` [ RunTime:0.0020s ]
SQL: SELECT * FROM `pad_auth_rule` WHERE `name` = 'Admin/Node/nodeInfo' LIMIT 1   [ RunTime:0.0011s ]
SQL: SELECT * FROM `pad_auth_rule` WHERE `id` = 2 LIMIT 1   [ RunTime:0.0011s ]
SQL: SELECT * FROM `pad_auth_rule` WHERE `id` = 1 LIMIT 1   [ RunTime:0.0011s ]
SQL: SELECT * FROM `pad_auth_rule` WHERE `id` = 156 LIMIT 1   [ RunTime:0.0009s ]

[ 2016-12-07T17:39:04+08:00 ] 192.168.1.119 /index.php/Node/addEditNode.html
INFO: [ app_begin ] --START--
INFO: Run Behavior\ReadHtmlCacheBehavior [ RunTime:0.000308s ]
INFO: [ app_begin ] --END-- [ RunTime:0.000542s ]
NOTIC: [2048] Declaration of Admin\Controller\CommonController::display() should be compatible with Think\Controller::display($templateFile = '', $charset = '', $contentType = '', $content = '', $prefix = '') /usr/local/www/l_hotel/Application/Admin/Controller/CommonController.class.php 第 284 行.
SQL: SHOW COLUMNS FROM `pad_auth_rule` [ RunTime:0.0016s ]
SQL: SELECT * FROM `pad_auth_rule` WHERE `name` = 'Admin/Node/addEditNode' LIMIT 1   [ RunTime:0.0018s ]
SQL: SELECT * FROM `pad_auth_rule` WHERE `id` = 2 LIMIT 1   [ RunTime:0.0011s ]
SQL: SELECT * FROM `pad_auth_rule` WHERE `id` = 1 LIMIT 1   [ RunTime:0.0015s ]
NOTIC: [8] Undefined index: validate /usr/local/www/l_hotel/Core/Library/Think/Model.class.php 第 1185 行.
NOTIC: [8] Undefined index: auto /usr/local/www/l_hotel/Core/Library/Think/Model.class.php 第 1128 行.
SQL: SELECT `id` FROM `pad_auth_rule` WHERE `name` = 'Admin/Order' AND `id` <> '156' LIMIT 1   [ RunTime:0.0011s ]
SQL: UPDATE `pad_auth_rule` SET `id`='156',`pid`='24',`title`='订单管理',`name`='Admin/Order',`type`='2',`icon_name`='icon-reorder',`sort`='3',`is_show`='1',`condition`='' WHERE `id` = 156 [ RunTime:0.0029s ]
SQL: SHOW COLUMNS FROM `pad_admin_logs` [ RunTime:0.0015s ]
NOTIC: [8] Undefined index: admin_id /usr/local/www/l_hotel/Application/Admin/Logic/CommonLogic.class.php 第 321 行.
NOTIC: [8] Undefined index: log_type /usr/local/www/l_hotel/Application/Admin/Logic/CommonLogic.class.php 第 325 行.
SQL: INSERT INTO `pad_admin_logs` (`admin_id`,`control_name`,`action_name`,`ip_address`,`log_type`,`log_msg`,`create_time`) VALUES ('1','Node','addEditNode','192.168.1.119','1','admin 编辑 权限节点；节点名称：订单管理','1481103544') [ RunTime:0.0098s ]
SQL: SELECT `id`,`pid`,`name`,`icon_name`,`title` FROM `pad_auth_rule` WHERE `pid` = 0 AND `status` = 1 AND `is_show` = 1 ORDER BY `sort` asc  [ RunTime:0.0012s ]
NOTIC: [8] Undefined offset: 2 /usr/local/www/l_hotel/Application/Admin/Controller/CommonController.class.php 第 174 行.
NOTIC: [8] Undefined offset: 1 /usr/local/www/l_hotel/Application/Admin/Controller/CommonController.class.php 第 174 行.
SQL: SELECT `id`,`pid`,`name`,`icon_name`,`title` FROM `pad_auth_rule` WHERE `pid` = 8 AND `status` = 1 AND `is_show` = 1 ORDER BY `sort` asc  [ RunTime:0.0014s ]
NOTIC: [8] Undefined offset: 2 /usr/local/www/l_hotel/Application/Admin/Controller/CommonController.class.php 第 186 行.
SQL: SELECT `id`,`pid`,`name`,`icon_name`,`title` FROM `pad_auth_rule` WHERE `pid` = 9 AND `status` = 1 AND `is_show` = 1 ORDER BY `sort` asc  [ RunTime:0.0012s ]
NOTIC: [8] Undefined offset: 2 /usr/local/www/l_hotel/Application/Admin/Controller/CommonController.class.php 第 186 行.
SQL: SELECT `id`,`pid`,`name`,`icon_name`,`title` FROM `pad_auth_rule` WHERE `pid` = 13 AND `status` = 1 AND `is_show` = 1 ORDER BY `sort` asc  [ RunTime:0.0013s ]
NOTIC: [8] Undefined offset: 2 /usr/local/www/l_hotel/Application/Admin/Controller/CommonController.class.php 第 174 行.
SQL: SELECT `id`,`pid`,`name`,`icon_name`,`title` FROM `pad_auth_rule` WHERE `pid` = 18 AND `status` = 1 AND `is_show` = 1 ORDER BY `sort` asc  [ RunTime:0.0013s ]
SQL: SELECT `id`,`pid`,`name`,`icon_name`,`title` FROM `pad_auth_rule` WHERE `pid` = 19 AND `status` = 1 AND `is_show` = 1 ORDER BY `sort` asc  [ RunTime:0.0015s ]
SQL: SELECT `id`,`pid`,`name`,`icon_name`,`title` FROM `pad_auth_rule` WHERE `pid` = 20 AND `status` = 1 AND `is_show` = 1 ORDER BY `sort` asc  [ RunTime:0.0022s ]
SQL: SELECT `id`,`pid`,`name`,`icon_name`,`title` FROM `pad_auth_rule` WHERE `pid` = 45 AND `status` = 1 AND `is_show` = 1 ORDER BY `sort` asc  [ RunTime:0.0024s ]
NOTIC: [8] Undefined offset: 2 /usr/local/www/l_hotel/Application/Admin/Controller/CommonController.class.php 第 174 行.
SQL: SELECT `id`,`pid`,`name`,`icon_name`,`title` FROM `pad_auth_rule` WHERE `pid` = 21 AND `status` = 1 AND `is_show` = 1 ORDER BY `sort` asc  [ RunTime:0.0012s ]
SQL: SELECT `id`,`pid`,`name`,`icon_name`,`title` FROM `pad_auth_rule` WHERE `pid` = 23 AND `status` = 1 AND `is_show` = 1 ORDER BY `sort` asc  [ RunTime:0.0012s ]
NOTIC: [8] Undefined offset: 2 /usr/local/www/l_hotel/Application/Admin/Controller/CommonController.class.php 第 174 行.
NOTIC: [8] Undefined offset: 1 /usr/local/www/l_hotel/Application/Admin/Controller/CommonController.class.php 第 174 行.
SQL: SELECT `id`,`pid`,`name`,`icon_name`,`title` FROM `pad_auth_rule` WHERE `pid` = 24 AND `status` = 1 AND `is_show` = 1 ORDER BY `sort` asc  [ RunTime:0.0011s ]
NOTIC: [8] Undefined offset: 2 /usr/local/www/l_hotel/Application/Admin/Controller/CommonController.class.php 第 186 行.
SQL: SELECT `id`,`pid`,`name`,`icon_name`,`title` FROM `pad_auth_rule` WHERE `pid` = 25 AND `status` = 1 AND `is_show` = 1 ORDER BY `sort` asc  [ RunTime:0.0014s ]
NOTIC: [8] Undefined offset: 2 /usr/local/www/l_hotel/Application/Admin/Controller/CommonController.class.php 第 186 行.
SQL: SELECT `id`,`pid`,`name`,`icon_name`,`title` FROM `pad_auth_rule` WHERE `pid` = 156 AND `status` = 1 AND `is_show` = 1 ORDER BY `sort` asc  [ RunTime:0.0010s ]
NOTIC: [8] Undefined offset: 2 /usr/local/www/l_hotel/Application/Admin/Controller/CommonController.class.php 第 174 行.
NOTIC: [8] Undefined offset: 1 /usr/local/www/l_hotel/Application/Admin/Controller/CommonController.class.php 第 174 行.
SQL: SELECT `id`,`pid`,`name`,`icon_name`,`title` FROM `pad_auth_rule` WHERE `pid` = 33 AND `status` = 1 AND `is_show` = 1 ORDER BY `sort` asc  [ RunTime:0.0013s ]
SQL: SELECT `id`,`pid`,`name`,`icon_name`,`title` FROM `pad_auth_rule` WHERE `pid` = 34 AND `status` = 1 AND `is_show` = 1 ORDER BY `sort` asc  [ RunTime:0.0014s ]
SQL: SELECT `id`,`pid`,`name`,`icon_name`,`title` FROM `pad_auth_rule` WHERE `pid` = 35 AND `status` = 1 AND `is_show` = 1 ORDER BY `sort` asc  [ RunTime:0.0014s ]
SQL: SELECT `id`,`pid`,`name`,`icon_name`,`title` FROM `pad_auth_rule` WHERE `pid` = 36 AND `status` = 1 AND `is_show` = 1 ORDER BY `sort` asc  [ RunTime:0.0015s ]
NOTIC: [8] Undefined offset: 2 /usr/local/www/l_hotel/Application/Admin/Controller/CommonController.class.php 第 174 行.
NOTIC: [8] Undefined offset: 1 /usr/local/www/l_hotel/Application/Admin/Controller/CommonController.class.php 第 174 行.
SQL: SELECT `id`,`pid`,`name`,`icon_name`,`title` FROM `pad_auth_rule` WHERE `pid` = 1 AND `status` = 1 AND `is_show` = 1 ORDER BY `sort` asc  [ RunTime:0.0014s ]
NOTIC: [8] Undefined offset: 2 /usr/local/www/l_hotel/Application/Admin/Controller/CommonController.class.php 第 186 行.
SQL: SELECT `id`,`pid`,`name`,`icon_name`,`title` FROM `pad_auth_rule` WHERE `pid` = 2 AND `status` = 1 AND `is_show` = 1 ORDER BY `sort` asc  [ RunTime:0.0015s ]
NOTIC: [8] Undefined offset: 2 /usr/local/www/l_hotel/Application/Admin/Controller/CommonController.class.php 第 186 行.
SQL: SELECT `id`,`pid`,`name`,`icon_name`,`title` FROM `pad_auth_rule` WHERE `pid` = 37 AND `status` = 1 AND `is_show` = 1 ORDER BY `sort` asc  [ RunTime:0.0015s ]

[ 2016-12-07T17:54:39+08:00 ] 192.168.1.119 /Public/getCity?province_id=440000&city_id=440300
INFO: [ app_begin ] --START--
INFO: Run Behavior\ReadHtmlCacheBehavior [ RunTime:0.000561s ]
INFO: [ app_begin ] --END-- [ RunTime:0.001386s ]
SQL: SHOW COLUMNS FROM `pad_city_info` [ RunTime:0.0014s ]
SQL: SELECT * FROM `pad_city_info` WHERE (  `city_level` = 1 OR ( `parent_id` = '440000' OR `parent_id` = '440300' ) ) AND `data_status` = 1  [ RunTime:0.0070s ]

[ 2016-12-07T18:05:47+08:00 ] 192.168.1.119 /Public/getCity?province_id=440000&city_id=440300
INFO: [ app_begin ] --START--
INFO: Run Behavior\ReadHtmlCacheBehavior [ RunTime:0.000265s ]
INFO: [ app_begin ] --END-- [ RunTime:0.000425s ]
SQL: SHOW COLUMNS FROM `pad_city_info` [ RunTime:0.0015s ]
SQL: SELECT * FROM `pad_city_info` WHERE (  `city_level` = 1 OR ( `parent_id` = '440000' OR `parent_id` = '440300' ) ) AND `data_status` = 1  [ RunTime:0.0060s ]

[ 2016-12-07T18:35:48+08:00 ] 192.168.1.119 /Public/getCity?province_id=440000&city_id=440300
INFO: [ app_begin ] --START--
INFO: Run Behavior\ReadHtmlCacheBehavior [ RunTime:0.000309s ]
INFO: [ app_begin ] --END-- [ RunTime:0.000499s ]
SQL: SHOW COLUMNS FROM `pad_city_info` [ RunTime:0.0016s ]
SQL: SELECT * FROM `pad_city_info` WHERE (  `city_level` = 1 OR ( `parent_id` = '440000' OR `parent_id` = '440300' ) ) AND `data_status` = 1  [ RunTime:0.0085s ]

[ 2016-12-07T18:35:54+08:00 ] 192.168.1.119 /Public/getCity?province_id=440000&city_id=440300
INFO: [ app_begin ] --START--
INFO: Run Behavior\ReadHtmlCacheBehavior [ RunTime:0.000640s ]
INFO: [ app_begin ] --END-- [ RunTime:0.001060s ]
SQL: SHOW COLUMNS FROM `pad_city_info` [ RunTime:0.0015s ]
SQL: SELECT * FROM `pad_city_info` WHERE (  `city_level` = 1 OR ( `parent_id` = '440000' OR `parent_id` = '440300' ) ) AND `data_status` = 1  [ RunTime:0.0085s ]

[ 2016-12-07T18:36:59+08:00 ] 192.168.1.119 /Public/getCity?province_id=440000&city_id=440300
INFO: [ app_begin ] --START--
INFO: Run Behavior\ReadHtmlCacheBehavior [ RunTime:0.000224s ]
INFO: [ app_begin ] --END-- [ RunTime:0.000413s ]
SQL: SHOW COLUMNS FROM `pad_city_info` [ RunTime:0.0016s ]
SQL: SELECT * FROM `pad_city_info` WHERE (  `city_level` = 1 OR ( `parent_id` = '440000' OR `parent_id` = '440300' ) ) AND `data_status` = 1  [ RunTime:0.0061s ]

[ 2016-12-07T18:37:54+08:00 ] 192.168.1.119 /Public/getCity?province_id=440000&city_id=440300
INFO: [ app_begin ] --START--
INFO: Run Behavior\ReadHtmlCacheBehavior [ RunTime:0.000226s ]
INFO: [ app_begin ] --END-- [ RunTime:0.000409s ]
SQL: SHOW COLUMNS FROM `pad_city_info` [ RunTime:0.0016s ]
SQL: SELECT * FROM `pad_city_info` WHERE (  `city_level` = 1 OR ( `parent_id` = '440000' OR `parent_id` = '440300' ) ) AND `data_status` = 1  [ RunTime:0.0085s ]

[ 2016-12-07T18:38:00+08:00 ] 192.168.1.119 /index.php/Shop/shopInfo.html?id=38
INFO: [ app_begin ] --START--
INFO: Run Behavior\ReadHtmlCacheBehavior [ RunTime:0.000196s ]
INFO: [ app_begin ] --END-- [ RunTime:0.000348s ]
NOTIC: [2048] Declaration of Admin\Controller\CommonController::display() should be compatible with Think\Controller::display($templateFile = '', $charset = '', $contentType = '', $content = '', $prefix = '') /usr/local/www/l_hotel/Application/Admin/Controller/CommonController.class.php 第 284 行.
SQL: SHOW COLUMNS FROM `pad_auth_rule` [ RunTime:0.0015s ]
SQL: SELECT * FROM `pad_auth_rule` WHERE `name` = 'Admin/Shop/shopInfo' LIMIT 1   [ RunTime:0.0013s ]
SQL: SELECT * FROM `pad_auth_rule` WHERE `id` = 9 LIMIT 1   [ RunTime:0.0014s ]
SQL: SELECT * FROM `pad_auth_rule` WHERE `id` = 8 LIMIT 1   [ RunTime:0.0014s ]
SQL: SHOW COLUMNS FROM `pad_hotel_info` [ RunTime:0.0019s ]
SQL: SELECT * FROM `pad_hotel_info` WHERE `id` = 38 AND `data_status` <> 99 LIMIT 1   [ RunTime:0.0020s ]
SQL: SHOW COLUMNS FROM `pad_hotel_type` [ RunTime:0.0017s ]
SQL: SELECT * FROM `pad_hotel_type` WHERE `hotel_id` = 38  [ RunTime:0.0013s ]
SQL: SHOW COLUMNS FROM `pad_type_info` [ RunTime:0.0013s ]
SQL: SELECT `id`,`type_name` FROM `pad_type_info` WHERE `id` IN ('1','6') AND `data_status` <> 99  [ RunTime:0.0019s ]
SQL: SHOW COLUMNS FROM `pad_city_info` [ RunTime:0.0021s ]
SQL: SELECT `all_name` FROM `pad_city_info` WHERE `id` = 440304 AND `data_status` <> 99 LIMIT 1   [ RunTime:0.0018s ]
SQL: SHOW COLUMNS FROM `pad_resource` [ RunTime:0.0021s ]
SQL: SELECT * FROM `pad_resource` WHERE `id` = 369 LIMIT 1   [ RunTime:0.0013s ]
SQL: SHOW COLUMNS FROM `pad_business_district` [ RunTime:0.0014s ]
SQL: SELECT `trade_id` FROM `pad_business_district` WHERE `hotel_id` = 38 LIMIT 1   [ RunTime:0.0011s ]
SQL: SHOW COLUMNS FROM `pad_trading_area` [ RunTime:0.0014s ]
SQL: SELECT `area_name` FROM `pad_trading_area` WHERE `id` = 25 LIMIT 1   [ RunTime:0.0011s ]
SQL: SELECT `id`,`area_name` FROM `pad_trading_area` WHERE `city_id` = 440304 AND `data_status` = 1  [ RunTime:0.0013s ]

[ 2016-12-07T18:38:03+08:00 ] 192.168.1.119 /index.php/Shop/shopInfo.html?id=38
INFO: [ app_begin ] --START--
INFO: Run Behavior\ReadHtmlCacheBehavior [ RunTime:0.000216s ]
INFO: [ app_begin ] --END-- [ RunTime:0.000403s ]
NOTIC: [2048] Declaration of Admin\Controller\CommonController::display() should be compatible with Think\Controller::display($templateFile = '', $charset = '', $contentType = '', $content = '', $prefix = '') /usr/local/www/l_hotel/Application/Admin/Controller/CommonController.class.php 第 284 行.
SQL: SHOW COLUMNS FROM `pad_auth_rule` [ RunTime:0.0015s ]
SQL: SELECT * FROM `pad_auth_rule` WHERE `name` = 'Admin/Shop/shopInfo' LIMIT 1   [ RunTime:0.0013s ]
SQL: SELECT * FROM `pad_auth_rule` WHERE `id` = 9 LIMIT 1   [ RunTime:0.0014s ]
SQL: SELECT * FROM `pad_auth_rule` WHERE `id` = 8 LIMIT 1   [ RunTime:0.0014s ]
SQL: SHOW COLUMNS FROM `pad_hotel_info` [ RunTime:0.0014s ]
SQL: SELECT * FROM `pad_hotel_info` WHERE `id` = 38 AND `data_status` <> 99 LIMIT 1   [ RunTime:0.0014s ]
SQL: SHOW COLUMNS FROM `pad_hotel_type` [ RunTime:0.0014s ]
SQL: SELECT * FROM `pad_hotel_type` WHERE `hotel_id` = 38  [ RunTime:0.0011s ]
SQL: SHOW COLUMNS FROM `pad_type_info` [ RunTime:0.0012s ]
SQL: SELECT `id`,`type_name` FROM `pad_type_info` WHERE `id` IN ('1','6') AND `data_status` <> 99  [ RunTime:0.0017s ]
SQL: SHOW COLUMNS FROM `pad_city_info` [ RunTime:0.0013s ]
SQL: SELECT `all_name` FROM `pad_city_info` WHERE `id` = 440304 AND `data_status` <> 99 LIMIT 1   [ RunTime:0.0012s ]
SQL: SHOW COLUMNS FROM `pad_resource` [ RunTime:0.0013s ]
SQL: SELECT * FROM `pad_resource` WHERE `id` = 369 LIMIT 1   [ RunTime:0.0018s ]
SQL: SHOW COLUMNS FROM `pad_business_district` [ RunTime:0.0042s ]
SQL: SELECT `trade_id` FROM `pad_business_district` WHERE `hotel_id` = 38 LIMIT 1   [ RunTime:0.0011s ]
SQL: SHOW COLUMNS FROM `pad_trading_area` [ RunTime:0.0012s ]
SQL: SELECT `area_name` FROM `pad_trading_area` WHERE `id` = 25 LIMIT 1   [ RunTime:0.0038s ]
SQL: SELECT `id`,`area_name` FROM `pad_trading_area` WHERE `city_id` = 440304 AND `data_status` = 1  [ RunTime:0.0034s ]

[ 2016-12-07T18:38:03+08:00 ] 192.168.1.119 /Public/getCity?province_id=440000&city_id=440300
INFO: [ app_begin ] --START--
INFO: Run Behavior\ReadHtmlCacheBehavior [ RunTime:0.000844s ]
INFO: [ app_begin ] --END-- [ RunTime:0.001556s ]
SQL: SHOW COLUMNS FROM `pad_city_info` [ RunTime:0.0014s ]
SQL: SELECT * FROM `pad_city_info` WHERE (  `city_level` = 1 OR ( `parent_id` = '440000' OR `parent_id` = '440300' ) ) AND `data_status` = 1  [ RunTime:0.0061s ]

[ 2016-12-07T18:38:03+08:00 ] 192.168.1.119 /Public/getCity?province_id=440000&city_id=440300
INFO: [ app_begin ] --START--
INFO: Run Behavior\ReadHtmlCacheBehavior [ RunTime:0.000197s ]
INFO: [ app_begin ] --END-- [ RunTime:0.000346s ]
SQL: SHOW COLUMNS FROM `pad_city_info` [ RunTime:0.0015s ]
SQL: SELECT * FROM `pad_city_info` WHERE (  `city_level` = 1 OR ( `parent_id` = '440000' OR `parent_id` = '440300' ) ) AND `data_status` = 1  [ RunTime:0.0083s ]

[ 2016-12-07T18:38:18+08:00 ] 192.168.1.119 /Public/getCity?province_id=440000&city_id=440300
INFO: [ app_begin ] --START--
INFO: Run Behavior\ReadHtmlCacheBehavior [ RunTime:0.000393s ]
INFO: [ app_begin ] --END-- [ RunTime:0.000604s ]
SQL: SHOW COLUMNS FROM `pad_city_info` [ RunTime:0.0018s ]
SQL: SELECT * FROM `pad_city_info` WHERE (  `city_level` = 1 OR ( `parent_id` = '440000' OR `parent_id` = '440300' ) ) AND `data_status` = 1  [ RunTime:0.0063s ]

[ 2016-12-07T18:43:12+08:00 ] 192.168.1.119 /Public/getCity?province_id=440000&city_id=440300
INFO: [ app_begin ] --START--
INFO: Run Behavior\ReadHtmlCacheBehavior [ RunTime:0.000229s ]
INFO: [ app_begin ] --END-- [ RunTime:0.000496s ]
SQL: SHOW COLUMNS FROM `pad_city_info` [ RunTime:0.0015s ]
SQL: SELECT * FROM `pad_city_info` WHERE (  `city_level` = 1 OR ( `parent_id` = '440000' OR `parent_id` = '440300' ) ) AND `data_status` = 1  [ RunTime:0.0067s ]

[ 2016-12-07T18:43:34+08:00 ] 192.168.1.119 /Public/getCity?province_id=440000&city_id=440300
INFO: [ app_begin ] --START--
INFO: Run Behavior\ReadHtmlCacheBehavior [ RunTime:0.000434s ]
INFO: [ app_begin ] --END-- [ RunTime:0.000614s ]
SQL: SHOW COLUMNS FROM `pad_city_info` [ RunTime:0.0017s ]
SQL: SELECT * FROM `pad_city_info` WHERE (  `city_level` = 1 OR ( `parent_id` = '440000' OR `parent_id` = '440300' ) ) AND `data_status` = 1  [ RunTime:0.0063s ]

[ 2016-12-07T18:43:53+08:00 ] 192.168.1.119 /Public/getCity?province_id=440000&city_id=440300
INFO: [ app_begin ] --START--
INFO: Run Behavior\ReadHtmlCacheBehavior [ RunTime:0.000214s ]
INFO: [ app_begin ] --END-- [ RunTime:0.000383s ]
SQL: SHOW COLUMNS FROM `pad_city_info` [ RunTime:0.0016s ]
SQL: SELECT * FROM `pad_city_info` WHERE (  `city_level` = 1 OR ( `parent_id` = '440000' OR `parent_id` = '440300' ) ) AND `data_status` = 1  [ RunTime:0.0084s ]

[ 2016-12-07T18:46:03+08:00 ] 192.168.1.119 /Public/getCity?province_id=440000&city_id=440300
INFO: [ app_begin ] --START--
INFO: Run Behavior\ReadHtmlCacheBehavior [ RunTime:0.000232s ]
INFO: [ app_begin ] --END-- [ RunTime:0.000687s ]
SQL: SHOW COLUMNS FROM `pad_city_info` [ RunTime:0.0016s ]
SQL: SELECT * FROM `pad_city_info` WHERE (  `city_level` = 1 OR ( `parent_id` = '440000' OR `parent_id` = '440300' ) ) AND `data_status` = 1  [ RunTime:0.0064s ]

[ 2016-12-07T18:47:21+08:00 ] 192.168.1.119 /Public/getCity?province_id=440000&city_id=440300
INFO: [ app_begin ] --START--
INFO: Run Behavior\ReadHtmlCacheBehavior [ RunTime:0.000330s ]
INFO: [ app_begin ] --END-- [ RunTime:0.000487s ]
SQL: SHOW COLUMNS FROM `pad_city_info` [ RunTime:0.0015s ]
SQL: SELECT * FROM `pad_city_info` WHERE (  `city_level` = 1 OR ( `parent_id` = '440000' OR `parent_id` = '440300' ) ) AND `data_status` = 1  [ RunTime:0.0063s ]

[ 2016-12-07T18:48:19+08:00 ] 192.168.1.119 /Public/getCity?province_id=440000&city_id=440300
INFO: [ app_begin ] --START--
INFO: Run Behavior\ReadHtmlCacheBehavior [ RunTime:0.000212s ]
INFO: [ app_begin ] --END-- [ RunTime:0.000378s ]
SQL: SHOW COLUMNS FROM `pad_city_info` [ RunTime:0.0015s ]
SQL: SELECT * FROM `pad_city_info` WHERE (  `city_level` = 1 OR ( `parent_id` = '440000' OR `parent_id` = '440300' ) ) AND `data_status` = 1  [ RunTime:0.0085s ]

[ 2016-12-07T18:49:18+08:00 ] 192.168.1.119 /Public/getCity?province_id=440000&city_id=440300
INFO: [ app_begin ] --START--
INFO: Run Behavior\ReadHtmlCacheBehavior [ RunTime:0.000228s ]
INFO: [ app_begin ] --END-- [ RunTime:0.000500s ]
SQL: SHOW COLUMNS FROM `pad_city_info` [ RunTime:0.0019s ]
SQL: SELECT * FROM `pad_city_info` WHERE (  `city_level` = 1 OR ( `parent_id` = '440000' OR `parent_id` = '440300' ) ) AND `data_status` = 1  [ RunTime:0.0076s ]

[ 2016-12-07T18:50:05+08:00 ] 192.168.1.119 /Public/getCity?province_id=440000&city_id=440300
INFO: [ app_begin ] --START--
INFO: Run Behavior\ReadHtmlCacheBehavior [ RunTime:0.000275s ]
INFO: [ app_begin ] --END-- [ RunTime:0.000659s ]
SQL: SHOW COLUMNS FROM `pad_city_info` [ RunTime:0.0018s ]
SQL: SELECT * FROM `pad_city_info` WHERE (  `city_level` = 1 OR ( `parent_id` = '440000' OR `parent_id` = '440300' ) ) AND `data_status` = 1  [ RunTime:0.0074s ]

[ 2016-12-07T18:50:47+08:00 ] 192.168.1.119 /Public/getCity?province_id=440000&city_id=440300
INFO: [ app_begin ] --START--
INFO: Run Behavior\ReadHtmlCacheBehavior [ RunTime:0.000315s ]
INFO: [ app_begin ] --END-- [ RunTime:0.000495s ]
SQL: SHOW COLUMNS FROM `pad_city_info` [ RunTime:0.0016s ]
SQL: SELECT * FROM `pad_city_info` WHERE (  `city_level` = 1 OR ( `parent_id` = '440000' OR `parent_id` = '440300' ) ) AND `data_status` = 1  [ RunTime:0.0084s ]

[ 2016-12-07T18:50:55+08:00 ] 192.168.1.119 /Public/getCity?province_id=440000&city_id=440300
INFO: [ app_begin ] --START--
INFO: Run Behavior\ReadHtmlCacheBehavior [ RunTime:0.000318s ]
INFO: [ app_begin ] --END-- [ RunTime:0.000517s ]
SQL: SHOW COLUMNS FROM `pad_city_info` [ RunTime:0.0015s ]
SQL: SELECT * FROM `pad_city_info` WHERE (  `city_level` = 1 OR ( `parent_id` = '440000' OR `parent_id` = '440300' ) ) AND `data_status` = 1  [ RunTime:0.0083s ]

[ 2016-12-07T18:51:34+08:00 ] 192.168.1.119 /Public/getCity?province_id=440000&city_id=440300
INFO: [ app_begin ] --START--
INFO: Run Behavior\ReadHtmlCacheBehavior [ RunTime:0.000384s ]
INFO: [ app_begin ] --END-- [ RunTime:0.000629s ]
SQL: SHOW COLUMNS FROM `pad_city_info` [ RunTime:0.0017s ]
SQL: SELECT * FROM `pad_city_info` WHERE (  `city_level` = 1 OR ( `parent_id` = '440000' OR `parent_id` = '440300' ) ) AND `data_status` = 1  [ RunTime:0.0090s ]

[ 2016-12-07T18:53:10+08:00 ] 192.168.1.119 /Public/getCity?province_id=440000&city_id=440300
INFO: [ app_begin ] --START--
INFO: Run Behavior\ReadHtmlCacheBehavior [ RunTime:0.000291s ]
INFO: [ app_begin ] --END-- [ RunTime:0.001888s ]
SQL: SHOW COLUMNS FROM `pad_city_info` [ RunTime:0.0030s ]
SQL: SELECT * FROM `pad_city_info` WHERE (  `city_level` = 1 OR ( `parent_id` = '440000' OR `parent_id` = '440300' ) ) AND `data_status` = 1  [ RunTime:0.0068s ]

[ 2016-12-07T18:53:14+08:00 ] 192.168.1.119 /Public/getCity?province_id=440000&city_id=440300
INFO: [ app_begin ] --START--
INFO: Run Behavior\ReadHtmlCacheBehavior [ RunTime:0.000898s ]
INFO: [ app_begin ] --END-- [ RunTime:0.001541s ]
SQL: SHOW COLUMNS FROM `pad_city_info` [ RunTime:0.0018s ]
SQL: SELECT * FROM `pad_city_info` WHERE (  `city_level` = 1 OR ( `parent_id` = '440000' OR `parent_id` = '440300' ) ) AND `data_status` = 1  [ RunTime:0.0092s ]

[ 2016-12-07T18:54:15+08:00 ] 192.168.1.119 /Public/getCity?province_id=440000&city_id=440300
INFO: [ app_begin ] --START--
INFO: Run Behavior\ReadHtmlCacheBehavior [ RunTime:0.000253s ]
INFO: [ app_begin ] --END-- [ RunTime:0.000463s ]
SQL: SHOW COLUMNS FROM `pad_city_info` [ RunTime:0.0026s ]
SQL: SELECT * FROM `pad_city_info` WHERE (  `city_level` = 1 OR ( `parent_id` = '440000' OR `parent_id` = '440300' ) ) AND `data_status` = 1  [ RunTime:0.0064s ]

[ 2016-12-07T18:54:42+08:00 ] 192.168.1.119 /Public/getCity?province_id=440000&city_id=440300
INFO: [ app_begin ] --START--
INFO: Run Behavior\ReadHtmlCacheBehavior [ RunTime:0.000471s ]
INFO: [ app_begin ] --END-- [ RunTime:0.000629s ]
SQL: SHOW COLUMNS FROM `pad_city_info` [ RunTime:0.0018s ]
SQL: SELECT * FROM `pad_city_info` WHERE (  `city_level` = 1 OR ( `parent_id` = '440000' OR `parent_id` = '440300' ) ) AND `data_status` = 1  [ RunTime:0.0085s ]

[ 2016-12-07T18:57:32+08:00 ] 192.168.1.119 /Public/getCity?province_id=440000&city_id=440300
INFO: [ app_begin ] --START--
INFO: Run Behavior\ReadHtmlCacheBehavior [ RunTime:0.000637s ]
INFO: [ app_begin ] --END-- [ RunTime:0.000918s ]
SQL: SHOW COLUMNS FROM `pad_city_info` [ RunTime:0.0032s ]
SQL: SELECT * FROM `pad_city_info` WHERE (  `city_level` = 1 OR ( `parent_id` = '440000' OR `parent_id` = '440300' ) ) AND `data_status` = 1  [ RunTime:0.0061s ]

[ 2016-12-07T18:59:25+08:00 ] 192.168.1.119 /index.php/Inner/hotelType.html
INFO: [ app_begin ] --START--
INFO: Run Behavior\ReadHtmlCacheBehavior [ RunTime:0.000205s ]
INFO: [ app_begin ] --END-- [ RunTime:0.000356s ]
SQL: SHOW COLUMNS FROM `pad_type_info` [ RunTime:0.0015s ]
SQL: SELECT `id`,`type_name`,`type_class` FROM `pad_type_info` WHERE `data_status` = 1  [ RunTime:0.0013s ]

[ 2016-12-07T18:59:30+08:00 ] 192.168.1.119 /Public/getCity?province_id=440000&city_id=440300
INFO: [ app_begin ] --START--
INFO: Run Behavior\ReadHtmlCacheBehavior [ RunTime:0.000500s ]
INFO: [ app_begin ] --END-- [ RunTime:0.001126s ]
SQL: SHOW COLUMNS FROM `pad_city_info` [ RunTime:0.0015s ]
SQL: SELECT * FROM `pad_city_info` WHERE (  `city_level` = 1 OR ( `parent_id` = '440000' OR `parent_id` = '440300' ) ) AND `data_status` = 1  [ RunTime:0.0061s ]

[ 2016-12-07T19:00:18+08:00 ] 192.168.1.119 /Public/getCity?province_id=440000&city_id=440300
INFO: [ app_begin ] --START--
INFO: Run Behavior\ReadHtmlCacheBehavior [ RunTime:0.000252s ]
INFO: [ app_begin ] --END-- [ RunTime:0.000507s ]
SQL: SHOW COLUMNS FROM `pad_city_info` [ RunTime:0.0015s ]
SQL: SELECT * FROM `pad_city_info` WHERE (  `city_level` = 1 OR ( `parent_id` = '440000' OR `parent_id` = '440300' ) ) AND `data_status` = 1  [ RunTime:0.0064s ]

[ 2016-12-07T19:00:35+08:00 ] 192.168.1.119 /Public/getCity?province_id=440000&city_id=440300
INFO: [ app_begin ] --START--
INFO: Run Behavior\ReadHtmlCacheBehavior [ RunTime:0.000245s ]
INFO: [ app_begin ] --END-- [ RunTime:0.000619s ]
SQL: SHOW COLUMNS FROM `pad_city_info` [ RunTime:0.0016s ]
SQL: SELECT * FROM `pad_city_info` WHERE (  `city_level` = 1 OR ( `parent_id` = '440000' OR `parent_id` = '440300' ) ) AND `data_status` = 1  [ RunTime:0.0078s ]

[ 2016-12-07T20:37:15+08:00 ] 192.168.1.119 /Public/getCity?province_id=440000&city_id=440300
INFO: [ app_begin ] --START--
INFO: Run Behavior\ReadHtmlCacheBehavior [ RunTime:0.000226s ]
INFO: [ app_begin ] --END-- [ RunTime:0.000408s ]
SQL: SHOW COLUMNS FROM `pad_city_info` [ RunTime:0.0023s ]
SQL: SELECT * FROM `pad_city_info` WHERE (  `city_level` = 1 OR ( `parent_id` = '440000' OR `parent_id` = '440300' ) ) AND `data_status` = 1  [ RunTime:0.0063s ]

[ 2016-12-07T21:49:20+08:00 ] 192.168.1.119 /Public/plugins/dropzone/dropzone.min.js
ERR: 非法操作:plugins

[ 2016-12-07T22:33:24+08:00 ] 192.168.1.119 /Public/getCity?province_id=440000&city_id=440300
INFO: [ app_begin ] --START--
INFO: Run Behavior\ReadHtmlCacheBehavior [ RunTime:0.000226s ]
INFO: [ app_begin ] --END-- [ RunTime:0.000538s ]
SQL: SHOW COLUMNS FROM `pad_city_info` [ RunTime:0.0016s ]
SQL: SELECT * FROM `pad_city_info` WHERE (  `city_level` = 1 OR ( `parent_id` = '440000' OR `parent_id` = '440300' ) ) AND `data_status` = 1  [ RunTime:0.0087s ]

[ 2016-12-07T22:33:33+08:00 ] 192.168.1.119 /Public/getCity?province_id=440000&city_id=440300
INFO: [ app_begin ] --START--
INFO: Run Behavior\ReadHtmlCacheBehavior [ RunTime:0.000319s ]
INFO: [ app_begin ] --END-- [ RunTime:0.000563s ]
SQL: SHOW COLUMNS FROM `pad_city_info` [ RunTime:0.0015s ]
SQL: SELECT * FROM `pad_city_info` WHERE (  `city_level` = 1 OR ( `parent_id` = '440000' OR `parent_id` = '440300' ) ) AND `data_status` = 1  [ RunTime:0.0067s ]

[ 2016-12-07T22:36:38+08:00 ] 192.168.1.119 /Public/getCity?province_id=440000&city_id=440300
INFO: [ app_begin ] --START--
INFO: Run Behavior\ReadHtmlCacheBehavior [ RunTime:0.000370s ]
INFO: [ app_begin ] --END-- [ RunTime:0.000584s ]
SQL: SHOW COLUMNS FROM `pad_city_info` [ RunTime:0.0015s ]
SQL: SELECT * FROM `pad_city_info` WHERE (  `city_level` = 1 OR ( `parent_id` = '440000' OR `parent_id` = '440300' ) ) AND `data_status` = 1  [ RunTime:0.0063s ]

[ 2016-12-07T22:38:20+08:00 ] 192.168.1.119 /Public/getCity?province_id=440000&city_id=440300
INFO: [ app_begin ] --START--
INFO: Run Behavior\ReadHtmlCacheBehavior [ RunTime:0.000513s ]
INFO: [ app_begin ] --END-- [ RunTime:0.001051s ]
SQL: SHOW COLUMNS FROM `pad_city_info` [ RunTime:0.0017s ]
SQL: SELECT * FROM `pad_city_info` WHERE (  `city_level` = 1 OR ( `parent_id` = '440000' OR `parent_id` = '440300' ) ) AND `data_status` = 1  [ RunTime:0.0085s ]

[ 2016-12-07T22:40:22+08:00 ] 192.168.1.119 /Public/getCity?province_id=440000&city_id=440300
INFO: [ app_begin ] --START--
INFO: Run Behavior\ReadHtmlCacheBehavior [ RunTime:0.000321s ]
INFO: [ app_begin ] --END-- [ RunTime:0.000496s ]
SQL: SHOW COLUMNS FROM `pad_city_info` [ RunTime:0.0021s ]
SQL: SELECT * FROM `pad_city_info` WHERE (  `city_level` = 1 OR ( `parent_id` = '440000' OR `parent_id` = '440300' ) ) AND `data_status` = 1  [ RunTime:0.0085s ]

[ 2016-12-07T22:42:08+08:00 ] 192.168.1.119 /Public/getCity?province_id=440000&city_id=440300
INFO: [ app_begin ] --START--
INFO: Run Behavior\ReadHtmlCacheBehavior [ RunTime:0.000282s ]
INFO: [ app_begin ] --END-- [ RunTime:0.000451s ]
SQL: SHOW COLUMNS FROM `pad_city_info` [ RunTime:0.0016s ]
SQL: SELECT * FROM `pad_city_info` WHERE (  `city_level` = 1 OR ( `parent_id` = '440000' OR `parent_id` = '440300' ) ) AND `data_status` = 1  [ RunTime:0.0085s ]

[ 2016-12-07T22:43:37+08:00 ] 192.168.1.119 /Public/getCity?province_id=440000&city_id=440300
INFO: [ app_begin ] --START--
INFO: Run Behavior\ReadHtmlCacheBehavior [ RunTime:0.000222s ]
INFO: [ app_begin ] --END-- [ RunTime:0.000412s ]
SQL: SHOW COLUMNS FROM `pad_city_info` [ RunTime:0.0016s ]
SQL: SELECT * FROM `pad_city_info` WHERE (  `city_level` = 1 OR ( `parent_id` = '440000' OR `parent_id` = '440300' ) ) AND `data_status` = 1  [ RunTime:0.0063s ]

[ 2016-12-07T22:49:15+08:00 ] 192.168.1.119 /Public/getCity?province_id=440000&city_id=440300
INFO: [ app_begin ] --START--
INFO: Run Behavior\ReadHtmlCacheBehavior [ RunTime:0.000231s ]
INFO: [ app_begin ] --END-- [ RunTime:0.000485s ]
SQL: SHOW COLUMNS FROM `pad_city_info` [ RunTime:0.0016s ]
SQL: SELECT * FROM `pad_city_info` WHERE (  `city_level` = 1 OR ( `parent_id` = '440000' OR `parent_id` = '440300' ) ) AND `data_status` = 1  [ RunTime:0.0064s ]

[ 2016-12-07T22:49:27+08:00 ] 192.168.1.119 /Public/getCity?province_id=440000&city_id=440300
INFO: [ app_begin ] --START--
INFO: Run Behavior\ReadHtmlCacheBehavior [ RunTime:0.000355s ]
INFO: [ app_begin ] --END-- [ RunTime:0.000717s ]
SQL: SHOW COLUMNS FROM `pad_city_info` [ RunTime:0.0017s ]
SQL: SELECT * FROM `pad_city_info` WHERE (  `city_level` = 1 OR ( `parent_id` = '440000' OR `parent_id` = '440300' ) ) AND `data_status` = 1  [ RunTime:0.0086s ]

[ 2016-12-07T22:50:10+08:00 ] 192.168.1.119 /Public/getCity?province_id=440000&city_id=440300
INFO: [ app_begin ] --START--
INFO: Run Behavior\ReadHtmlCacheBehavior [ RunTime:0.000227s ]
INFO: [ app_begin ] --END-- [ RunTime:0.000426s ]
SQL: SHOW COLUMNS FROM `pad_city_info` [ RunTime:0.0016s ]
SQL: SELECT * FROM `pad_city_info` WHERE (  `city_level` = 1 OR ( `parent_id` = '440000' OR `parent_id` = '440300' ) ) AND `data_status` = 1  [ RunTime:0.0064s ]

[ 2016-12-07T22:50:26+08:00 ] 192.168.1.119 /Public/getCity?province_id=440000&city_id=440300
INFO: [ app_begin ] --START--
INFO: Run Behavior\ReadHtmlCacheBehavior [ RunTime:0.000356s ]
INFO: [ app_begin ] --END-- [ RunTime:0.000702s ]
SQL: SHOW COLUMNS FROM `pad_city_info` [ RunTime:0.0015s ]
SQL: SELECT * FROM `pad_city_info` WHERE (  `city_level` = 1 OR ( `parent_id` = '440000' OR `parent_id` = '440300' ) ) AND `data_status` = 1  [ RunTime:0.0071s ]

[ 2016-12-07T22:51:47+08:00 ] 192.168.1.119 /Public/getCity?province_id=440000&city_id=440300
INFO: [ app_begin ] --START--
INFO: Run Behavior\ReadHtmlCacheBehavior [ RunTime:0.000223s ]
INFO: [ app_begin ] --END-- [ RunTime:0.000408s ]
SQL: SHOW COLUMNS FROM `pad_city_info` [ RunTime:0.0016s ]
SQL: SELECT * FROM `pad_city_info` WHERE (  `city_level` = 1 OR ( `parent_id` = '440000' OR `parent_id` = '440300' ) ) AND `data_status` = 1  [ RunTime:0.0067s ]

[ 2016-12-07T22:52:13+08:00 ] 192.168.1.119 /Public/getCity?province_id=440000&city_id=440300
INFO: [ app_begin ] --START--
INFO: Run Behavior\ReadHtmlCacheBehavior [ RunTime:0.000305s ]
INFO: [ app_begin ] --END-- [ RunTime:0.000501s ]
SQL: SHOW COLUMNS FROM `pad_city_info` [ RunTime:0.0016s ]
SQL: SELECT * FROM `pad_city_info` WHERE (  `city_level` = 1 OR ( `parent_id` = '440000' OR `parent_id` = '440300' ) ) AND `data_status` = 1  [ RunTime:0.0084s ]

[ 2016-12-07T22:53:21+08:00 ] 192.168.1.119 /Public/getCity?province_id=440000&city_id=440300
INFO: [ app_begin ] --START--
INFO: Run Behavior\ReadHtmlCacheBehavior [ RunTime:0.000215s ]
INFO: [ app_begin ] --END-- [ RunTime:0.000376s ]
SQL: SHOW COLUMNS FROM `pad_city_info` [ RunTime:0.0015s ]
SQL: SELECT * FROM `pad_city_info` WHERE (  `city_level` = 1 OR ( `parent_id` = '440000' OR `parent_id` = '440300' ) ) AND `data_status` = 1  [ RunTime:0.0064s ]

[ 2016-12-07T22:54:06+08:00 ] 192.168.1.119 /index.php/Public/login.html
INFO: [ app_begin ] --START--
INFO: Run Behavior\ReadHtmlCacheBehavior [ RunTime:0.000197s ]
INFO: [ app_begin ] --END-- [ RunTime:0.000349s ]
SQL: SHOW COLUMNS FROM `pad_admin_info` [ RunTime:0.0015s ]
SQL: SELECT * FROM `pad_admin_info` WHERE `admin_account` = 'admin' LIMIT 1   [ RunTime:0.0012s ]
SQL: SHOW COLUMNS FROM `pad_admin_logs` [ RunTime:0.0011s ]
NOTIC: [8] Undefined index: admin_id /usr/local/www/l_hotel/Application/Admin/Logic/CommonLogic.class.php 第 321 行.
NOTIC: [8] Undefined index: log_type /usr/local/www/l_hotel/Application/Admin/Logic/CommonLogic.class.php 第 325 行.
SQL: INSERT INTO `pad_admin_logs` (`admin_id`,`control_name`,`action_name`,`ip_address`,`log_type`,`log_msg`,`create_time`) VALUES ('1','Public','login','192.168.1.119','1','admin登陆后台,时间：2016-12-07 22:54:06','1481122446') [ RunTime:0.0038s ]

[ 2016-12-07T22:54:10+08:00 ] 192.168.1.119 /Public/getCity?province_id=440000&city_id=440300
INFO: [ app_begin ] --START--
INFO: Run Behavior\ReadHtmlCacheBehavior [ RunTime:0.000214s ]
INFO: [ app_begin ] --END-- [ RunTime:0.000384s ]
SQL: SHOW COLUMNS FROM `pad_city_info` [ RunTime:0.0014s ]
SQL: SELECT * FROM `pad_city_info` WHERE (  `city_level` = 1 OR ( `parent_id` = '440000' OR `parent_id` = '440300' ) ) AND `data_status` = 1  [ RunTime:0.0065s ]

[ 2016-12-07T22:54:38+08:00 ] 192.168.1.119 /index.php/Public/login.html
INFO: [ app_begin ] --START--
INFO: Run Behavior\ReadHtmlCacheBehavior [ RunTime:0.000279s ]
INFO: [ app_begin ] --END-- [ RunTime:0.000575s ]
SQL: SHOW COLUMNS FROM `pad_admin_info` [ RunTime:0.0015s ]
SQL: SELECT * FROM `pad_admin_info` WHERE `admin_account` = 'admin' LIMIT 1   [ RunTime:0.0013s ]
SQL: SHOW COLUMNS FROM `pad_admin_logs` [ RunTime:0.0012s ]
NOTIC: [8] Undefined index: admin_id /usr/local/www/l_hotel/Application/Admin/Logic/CommonLogic.class.php 第 321 行.
NOTIC: [8] Undefined index: log_type /usr/local/www/l_hotel/Application/Admin/Logic/CommonLogic.class.php 第 325 行.
SQL: INSERT INTO `pad_admin_logs` (`admin_id`,`control_name`,`action_name`,`ip_address`,`log_type`,`log_msg`,`create_time`) VALUES ('1','Public','login','192.168.1.119','1','admin登陆后台,时间：2016-12-07 22:54:38','1481122478') [ RunTime:0.0044s ]

[ 2016-12-07T22:54:42+08:00 ] 192.168.1.119 /Public/getCity?province_id=440000&city_id=440300
INFO: [ app_begin ] --START--
INFO: Run Behavior\ReadHtmlCacheBehavior [ RunTime:0.000353s ]
INFO: [ app_begin ] --END-- [ RunTime:0.000528s ]
SQL: SHOW COLUMNS FROM `pad_city_info` [ RunTime:0.0017s ]
SQL: SELECT * FROM `pad_city_info` WHERE (  `city_level` = 1 OR ( `parent_id` = '440000' OR `parent_id` = '440300' ) ) AND `data_status` = 1  [ RunTime:0.0063s ]

[ 2016-12-07T22:57:08+08:00 ] 192.168.1.119 /Public/getCity?province_id=440000&city_id=440300
INFO: [ app_begin ] --START--
INFO: Run Behavior\ReadHtmlCacheBehavior [ RunTime:0.000215s ]
INFO: [ app_begin ] --END-- [ RunTime:0.000383s ]
SQL: SHOW COLUMNS FROM `pad_city_info` [ RunTime:0.0018s ]
SQL: SELECT * FROM `pad_city_info` WHERE (  `city_level` = 1 OR ( `parent_id` = '440000' OR `parent_id` = '440300' ) ) AND `data_status` = 1  [ RunTime:0.0062s ]

[ 2016-12-07T22:58:38+08:00 ] 192.168.1.119 /Public/getCity?province_id=440000&city_id=440300
INFO: [ app_begin ] --START--
INFO: Run Behavior\ReadHtmlCacheBehavior [ RunTime:0.000231s ]
INFO: [ app_begin ] --END-- [ RunTime:0.000401s ]
SQL: SHOW COLUMNS FROM `pad_city_info` [ RunTime:0.0014s ]
SQL: SELECT * FROM `pad_city_info` WHERE (  `city_level` = 1 OR ( `parent_id` = '440000' OR `parent_id` = '440300' ) ) AND `data_status` = 1  [ RunTime:0.0070s ]

[ 2016-12-07T23:00:11+08:00 ] 192.168.1.119 /Public/getCity?province_id=440000&city_id=440300
INFO: [ app_begin ] --START--
INFO: Run Behavior\ReadHtmlCacheBehavior [ RunTime:0.000841s ]
INFO: [ app_begin ] --END-- [ RunTime:0.001010s ]
SQL: SHOW COLUMNS FROM `pad_city_info` [ RunTime:0.0016s ]
SQL: SELECT * FROM `pad_city_info` WHERE (  `city_level` = 1 OR ( `parent_id` = '440000' OR `parent_id` = '440300' ) ) AND `data_status` = 1  [ RunTime:0.0083s ]

[ 2016-12-07T23:53:40+08:00 ] 192.168.1.119 /index.php/Public/login.html
INFO: [ app_begin ] --START--
INFO: Run Behavior\ReadHtmlCacheBehavior [ RunTime:0.001017s ]
INFO: [ app_begin ] --END-- [ RunTime:0.001498s ]
SQL: SHOW COLUMNS FROM `pad_admin_info` [ RunTime:0.0022s ]
SQL: SELECT * FROM `pad_admin_info` WHERE `admin_account` = 'admin' LIMIT 1   [ RunTime:0.0011s ]
SQL: SHOW COLUMNS FROM `pad_admin_logs` [ RunTime:0.0016s ]
NOTIC: [8] Undefined index: admin_id /usr/local/www/l_hotel/Application/Admin/Logic/CommonLogic.class.php 第 321 行.
NOTIC: [8] Undefined index: log_type /usr/local/www/l_hotel/Application/Admin/Logic/CommonLogic.class.php 第 325 行.
SQL: INSERT INTO `pad_admin_logs` (`admin_id`,`control_name`,`action_name`,`ip_address`,`log_type`,`log_msg`,`create_time`) VALUES ('1','Public','login','192.168.1.119','1','admin登陆后台,时间：2016-12-07 23:53:40','1481126020') [ RunTime:0.0163s ]

[ 2016-12-07T23:53:45+08:00 ] 192.168.1.119 /Public/getCity?province_id=440000&city_id=440300
INFO: [ app_begin ] --START--
INFO: Run Behavior\ReadHtmlCacheBehavior [ RunTime:0.000304s ]
INFO: [ app_begin ] --END-- [ RunTime:0.000476s ]
SQL: SHOW COLUMNS FROM `pad_city_info` [ RunTime:0.0016s ]
SQL: SELECT * FROM `pad_city_info` WHERE (  `city_level` = 1 OR ( `parent_id` = '440000' OR `parent_id` = '440300' ) ) AND `data_status` = 1  [ RunTime:0.0120s ]

[ 2016-12-07T23:57:15+08:00 ] 192.168.1.119 /Public/getCity?province_id=440000&city_id=440300
INFO: [ app_begin ] --START--
INFO: Run Behavior\ReadHtmlCacheBehavior [ RunTime:0.000311s ]
INFO: [ app_begin ] --END-- [ RunTime:0.000528s ]
SQL: SHOW COLUMNS FROM `pad_city_info` [ RunTime:0.0016s ]
SQL: SELECT * FROM `pad_city_info` WHERE (  `city_level` = 1 OR ( `parent_id` = '440000' OR `parent_id` = '440300' ) ) AND `data_status` = 1  [ RunTime:0.0089s ]

[ 2016-12-07T23:57:49+08:00 ] 192.168.1.119 /Public/getCity?province_id=440000&city_id=440300
INFO: [ app_begin ] --START--
INFO: Run Behavior\ReadHtmlCacheBehavior [ RunTime:0.000238s ]
INFO: [ app_begin ] --END-- [ RunTime:0.000616s ]
SQL: SHOW COLUMNS FROM `pad_city_info` [ RunTime:0.0015s ]
SQL: SELECT * FROM `pad_city_info` WHERE (  `city_level` = 1 OR ( `parent_id` = '440000' OR `parent_id` = '440300' ) ) AND `data_status` = 1  [ RunTime:0.0061s ]

[ 2016-12-07T23:58:26+08:00 ] 192.168.1.119 /Public/getCity?province_id=440000&city_id=440300
INFO: [ app_begin ] --START--
INFO: Run Behavior\ReadHtmlCacheBehavior [ RunTime:0.000275s ]
INFO: [ app_begin ] --END-- [ RunTime:0.000529s ]
SQL: SHOW COLUMNS FROM `pad_city_info` [ RunTime:0.0022s ]
SQL: SELECT * FROM `pad_city_info` WHERE (  `city_level` = 1 OR ( `parent_id` = '440000' OR `parent_id` = '440300' ) ) AND `data_status` = 1  [ RunTime:0.0089s ]

